<?xml version="1.0" encoding="UTF-8" ?>
<testsuite name="com.martiansoftware.nailgun.TestNGInputStream" tests="2" failures="0" errors="0" time="0.309">
  <properties>
[...]
</properties>
  <testcase name="testNGInputStreamIntoArray" classname="com.martiansoftware.nailgun.TestNGInputStream" time="0.284"></testcase>
  <testcase name="testNGInputStreamCharByChar" classname="com.martiansoftware.nailgun.TestNGInputStream" time="0.0040"></testcase>
  <system-out><![CDATA[]]></system-out>
  <system-err><![CDATA[]]></system-err>
</testsuite>
